2025-12-04 18:18:44:1844 [32minfo[39m: [32mServer is running on port 5000[39m
2025-12-04 18:55:55:5555 [32minfo[39m: [32mServer is running on port 5000[39m
2025-12-04 18:55:55:5555 [32minfo[39m: [32mServer is running on port 5000[39m
2025-12-04 18:58:10:5810 [32minfo[39m: [32mServer is running on port 5000[39m
2025-12-04 18:58:10:5810 [32minfo[39m: [32mServer is running on port 5000[39m
2025-12-04 18:58:45:5845 [32minfo[39m: [32mServer is running on port 5000[39m
2025-12-04 18:58:45:5845 [32minfo[39m: [32mServer is running on port 5000[39m
2025-12-04 19:20:48:2048 [32minfo[39m: [32mServer is running on port 5000[39m
2025-12-04 19:20:48:2048 [32minfo[39m: [32mServer is running on port 5000[39m
2025-12-04 19:20:52:2052 [32minfo[39m: [32mServer is running on port 5000[39m
2025-12-04 19:20:52:2052 [32minfo[39m: [32mServer is running on port 5000[39m
2025-12-04 19:21:09:219 [32minfo[39m: [32mServer is running on port 5000[39m
2025-12-04 19:21:09:219 [32minfo[39m: [32mServer is running on port 5000[39m
2025-12-04 19:21:10:2110 [32minfo[39m: [32mServer is running on port 5000[39m
2025-12-04 19:21:10:2110 [32minfo[39m: [32mServer is running on port 5000[39m
2025-12-04 19:21:57:2157 [32minfo[39m: [32mServer is running on port 5000[39m
2025-12-04 19:21:57:2157 [32minfo[39m: [32mServer is running on port 5000[39m
2025-12-04 19:22:01:221 [32minfo[39m: [32mServer is running on port 5000[39m
2025-12-04 19:22:01:221 [32minfo[39m: [32mServer is running on port 5000[39m
2025-12-04 19:24:18:2418 [32minfo[39m: [32mServer is running on port 5000[39m
2025-12-04 19:24:18:2418 [32minfo[39m: [32mServer is running on port 5000[39m
2025-12-04 19:24:37:2437 [32minfo[39m: [32mServer is running on port 5000[39m
2025-12-04 19:24:37:2437 [32minfo[39m: [32mServer is running on port 5000[39m
2025-12-04 19:26:58:2658 [31merror[39m: [31mInvalid token. Please log in again.[39m
2025-12-04 19:26:58:2658 [31merror[39m: [31mInvalid token. Please log in again.[39m
2025-12-04 19:27:30:2730 [31merror[39m: [31mInvalid token. Please log in again.[39m
2025-12-04 19:27:30:2730 [31merror[39m: [31mInvalid token. Please log in again.[39m
2025-12-04 19:28:50:2850 [32minfo[39m: [32mServer is running on port 5000[39m
2025-12-04 19:28:50:2850 [32minfo[39m: [32mServer is running on port 5000[39m
2025-12-04 19:28:53:2853 [32minfo[39m: [32mServer is running on port 5000[39m
2025-12-04 19:28:53:2853 [32minfo[39m: [32mServer is running on port 5000[39m
2025-12-04 19:29:48:2948 [32minfo[39m: [32mServer is running on port 5000[39m
2025-12-04 19:29:48:2948 [32minfo[39m: [32mServer is running on port 5000[39m
2025-12-04 19:30:15:3015 [31merror[39m: [31mInvalid email or password[39m
2025-12-04 19:33:06:336 [31merror[39m: [31mInvalid email or password[39m
2025-12-04 19:33:28:3328 [32minfo[39m: [32mServer is running on port 5000[39m
2025-12-04 19:33:28:3328 [32minfo[39m: [32mServer is running on port 5000[39m
2025-12-04 19:33:30:3330 [32minfo[39m: [32mServer is running on port 5000[39m
2025-12-04 19:33:30:3330 [32minfo[39m: [32mServer is running on port 5000[39m
2025-12-04 19:33:32:3332 [32minfo[39m: [32mServer is running on port 5000[39m
2025-12-04 19:33:32:3332 [32minfo[39m: [32mServer is running on port 5000[39m
2025-12-04 19:33:33:3333 [32minfo[39m: [32mServer is running on port 5000[39m
2025-12-04 19:33:33:3333 [32minfo[39m: [32mServer is running on port 5000[39m
2025-12-04 19:33:43:3343 [32minfo[39m: [32mServer is running on port 5000[39m
2025-12-04 19:33:43:3343 [32minfo[39m: [32mServer is running on port 5000[39m
2025-12-04 19:33:48:3348 [31merror[39m: [31mØ§Ù„Ø¨Ø±ÙŠØ¯ Ø§Ù„Ø¥Ù„ÙƒØªØ±ÙˆÙ†ÙŠ Ø£Ùˆ ÙƒÙ„Ù…Ø© Ø§Ù„Ù…Ø±ÙˆØ± ØºÙŠØ± ØµØ­ÙŠØ­Ø©[39m
2025-12-04 19:35:17:3517 [32minfo[39m: [32mServer is running on port 5000[39m
2025-12-04 19:35:17:3517 [32minfo[39m: [32mServer is running on port 5000[39m
2025-12-04 19:35:22:3522 [32minfo[39m: [32mServer is running on port 5000[39m
2025-12-04 19:35:22:3522 [32minfo[39m: [32mServer is running on port 5000[39m
2025-12-04 19:35:32:3532 [31merror[39m: [31mInvalid email or password[39m
2025-12-04 19:37:09:379 [31merror[39m: [31mProduct not found[39m
2025-12-04 19:37:09:379 [31merror[39m: [31mProduct not found[39m
2025-12-04 19:46:57:4657 [32minfo[39m: [32mServer is running on port 5000[39m
2025-12-04 20:05:00:50 [31merror[39m: [31mØ±Ù…Ø² Ø§Ù„Ø¯Ø®ÙˆÙ„ ØºÙŠØ± ØµØ§Ù„Ø­. ÙŠØ±Ø¬Ù‰ ØªØ³Ø¬ÙŠÙ„ Ø§Ù„Ø¯Ø®ÙˆÙ„ Ù…Ø±Ø© Ø£Ø®Ø±Ù‰[39m
2025-12-04 20:05:05:55 [31merror[39m: [31mÙŠØ¬Ø¨ ØªØ³Ø¬ÙŠÙ„ Ø§Ù„Ø¯Ø®ÙˆÙ„ Ù„Ù„ÙˆØµÙˆÙ„ Ø¥Ù„Ù‰ Ù‡Ø°Ù‡ Ø§Ù„ØµÙØ­Ø©[39m
2025-12-04 20:05:22:522 [31merror[39m: [31mÙŠØ¬Ø¨ ØªØ³Ø¬ÙŠÙ„ Ø§Ù„Ø¯Ø®ÙˆÙ„ Ù„Ù„ÙˆØµÙˆÙ„ Ø¥Ù„Ù‰ Ù‡Ø°Ù‡ Ø§Ù„ØµÙØ­Ø©[39m
2025-12-04 20:05:22:522 [31merror[39m: [31mÙŠØ¬Ø¨ ØªØ³Ø¬ÙŠÙ„ Ø§Ù„Ø¯Ø®ÙˆÙ„ Ù„Ù„ÙˆØµÙˆÙ„ Ø¥Ù„Ù‰ Ù‡Ø°Ù‡ Ø§Ù„ØµÙØ­Ø©[39m
2025-12-04 20:05:56:556 [32minfo[39m: [32mServer is running on port 5000[39m
2025-12-04 20:06:02:62 [32minfo[39m: [32mServer is running on port 5000[39m
2025-12-04 20:06:05:65 [31merror[39m: [31mCart is empty[39m
2025-12-04 20:06:06:66 [31merror[39m: [31mCart is empty[39m
2025-12-04 20:06:06:66 [31merror[39m: [31mCart is empty[39m
2025-12-04 20:06:06:66 [31merror[39m: [31mCart is empty[39m
2025-12-04 20:06:06:66 [31merror[39m: [31mCart is empty[39m
2025-12-04 20:06:09:69 [32minfo[39m: [32mServer is running on port 5000[39m
2025-12-04 20:06:27:627 [31merror[39m: [31m[39m
[31mInvalid `prisma.order.create()` invocation in[39m
[31mD:\e-commerce\backend\src\services\order.service.ts:18:36[39m

[31m  15 const total = items.reduce((sum, item) => sum + (item.price * item.quantity), 0);[39m
[31m  16 [39m
[31m  17 // Create order with items[39m
[31mâ†’ 18 const order = await prisma.order.create({[39m
[31m       data: {[39m
[31m         userId: "db771407-668c-4c39-8014-293be011481e",[39m
[31m         total: 29.99,[39m
[31m         status: "PROCESSING",[39m
[31m         shippingAddress: "{\"fullName\":\"eslam\",\"email\":\"eslamgamil214@gmail.com\",\"phone\":\"+201211735629\",\"address\":\"smouha\",\"city\":\"Sidi Gaber\",\"zipCode\":\"5432062\"}",[39m
[31m         ~~~~~~~~~~~~~~~[39m
[31m         paymentMethod: "CASH",[39m
[31m         items: {[39m
[31m           create: [[39m
[31m             {[39m
[31m               productId: "47e3b8d2-54fd-4dfa-b335-780edba01b04",[39m
[31m               quantity: 1,[39m
[31m               price: 29.99[39m
[31m             }[39m
[31m           ][39m
[31m         },[39m
[31m     ?   id?: String,[39m
[31m     ?   createdAt?: DateTime,[39m
[31m     ?   updatedAt?: DateTime,[39m
[31m     ?   payment?: PaymentUncheckedCreateNestedOneWithoutOrderInput[39m
[31m       },[39m
[31m       include: {[39m
[31m         items: {[39m
[31m           include: {[39m
[31m             product: true[39m
[31m           }[39m
[31m         }[39m
[31m       }[39m
[31m     })[39m

[31mUnknown argument `shippingAddress`. Available options are marked with ?.[39m
2025-12-04 20:06:33:633 [31merror[39m: [31m[39m
[31mInvalid `prisma.order.create()` invocation in[39m
[31mD:\e-commerce\backend\src\services\order.service.ts:18:36[39m

[31m  15 const total = items.reduce((sum, item) => sum + (item.price * item.quantity), 0);[39m
[31m  16 [39m
[31m  17 // Create order with items[39m
[31mâ†’ 18 const order = await prisma.order.create({[39m
[31m       data: {[39m
[31m         userId: "db771407-668c-4c39-8014-293be011481e",[39m
[31m         total: 29.99,[39m
[31m         status: "PROCESSING",[39m
[31m         shippingAddress: "{\"fullName\":\"eslam\",\"email\":\"eslamgamil214@gmail.com\",\"phone\":\"+201211735629\",\"address\":\"smouha\",\"city\":\"Sidi Gaber\",\"zipCode\":\"5432062\"}",[39m
[31m         ~~~~~~~~~~~~~~~[39m
[31m         paymentMethod: "CASH",[39m
[31m         items: {[39m
[31m           create: [[39m
[31m             {[39m
[31m               productId: "47e3b8d2-54fd-4dfa-b335-780edba01b04",[39m
[31m               quantity: 1,[39m
[31m               price: 29.99[39m
[31m             }[39m
[31m           ][39m
[31m         },[39m
[31m     ?   id?: String,[39m
[31m     ?   createdAt?: DateTime,[39m
[31m     ?   updatedAt?: DateTime,[39m
[31m     ?   payment?: PaymentUncheckedCreateNestedOneWithoutOrderInput[39m
[31m       },[39m
[31m       include: {[39m
[31m         items: {[39m
[31m           include: {[39m
[31m             product: true[39m
[31m           }[39m
[31m         }[39m
[31m       }[39m
[31m     })[39m

[31mUnknown argument `shippingAddress`. Available options are marked with ?.[39m
2025-12-04 20:08:07:87 [31merror[39m: [31m[39m
[31mInvalid `prisma.order.create()` invocation in[39m
[31mD:\e-commerce\backend\src\services\order.service.ts:18:36[39m

[31m  15 const total = items.reduce((sum, item) => sum + (item.price * item.quantity), 0);[39m
[31m  16 [39m
[31m  17 // Create order with items[39m
[31mâ†’ 18 const order = await prisma.order.create({[39m
[31m       data: {[39m
[31m         userId: "db771407-668c-4c39-8014-293be011481e",[39m
[31m         total: 29.99,[39m
[31m         status: "PROCESSING",[39m
[31m         shippingAddress: "{\"fullName\":\"eslam\",\"email\":\"eslamgamil214@gmail.com\",\"phone\":\"+201211735629\",\"address\":\"smouha\",\"city\":\"Sidi Gaber\",\"zipCode\":\"5432062\"}",[39m
[31m         ~~~~~~~~~~~~~~~[39m
[31m         paymentMethod: "CASH",[39m
[31m         items: {[39m
[31m           create: [[39m
[31m             {[39m
[31m               productId: "47e3b8d2-54fd-4dfa-b335-780edba01b04",[39m
[31m               quantity: 1,[39m
[31m               price: 29.99[39m
[31m             }[39m
[31m           ][39m
[31m         },[39m
[31m     ?   id?: String,[39m
[31m     ?   createdAt?: DateTime,[39m
[31m     ?   updatedAt?: DateTime,[39m
[31m     ?   payment?: PaymentUncheckedCreateNestedOneWithoutOrderInput[39m
[31m       },[39m
[31m       include: {[39m
[31m         items: {[39m
[31m           include: {[39m
[31m             product: true[39m
[31m           }[39m
[31m         }[39m
[31m       }[39m
[31m     })[39m

[31mUnknown argument `shippingAddress`. Available options are marked with ?.[39m
2025-12-04 20:08:11:811 [31merror[39m: [31m[39m
[31mInvalid `prisma.order.create()` invocation in[39m
[31mD:\e-commerce\backend\src\services\order.service.ts:18:36[39m

[31m  15 const total = items.reduce((sum, item) => sum + (item.price * item.quantity), 0);[39m
[31m  16 [39m
[31m  17 // Create order with items[39m
[31mâ†’ 18 const order = await prisma.order.create({[39m
[31m       data: {[39m
[31m         userId: "db771407-668c-4c39-8014-293be011481e",[39m
[31m         total: 29.99,[39m
[31m         status: "PROCESSING",[39m
[31m         shippingAddress: "{\"fullName\":\"eslam\",\"email\":\"eslamgamil214@gmail.com\",\"phone\":\"+201211735629\",\"address\":\"smouha\",\"city\":\"Sidi Gaber\",\"zipCode\":\"5432062\"}",[39m
[31m         ~~~~~~~~~~~~~~~[39m
[31m         paymentMethod: "CASH",[39m
[31m         items: {[39m
[31m           create: [[39m
[31m             {[39m
[31m               productId: "47e3b8d2-54fd-4dfa-b335-780edba01b04",[39m
[31m               quantity: 1,[39m
[31m               price: 29.99[39m
[31m             }[39m
[31m           ][39m
[31m         },[39m
[31m     ?   id?: String,[39m
[31m     ?   createdAt?: DateTime,[39m
[31m     ?   updatedAt?: DateTime,[39m
[31m     ?   payment?: PaymentUncheckedCreateNestedOneWithoutOrderInput[39m
[31m       },[39m
[31m       include: {[39m
[31m         items: {[39m
[31m           include: {[39m
[31m             product: true[39m
[31m           }[39m
[31m         }[39m
[31m       }[39m
[31m     })[39m

[31mUnknown argument `shippingAddress`. Available options are marked with ?.[39m
2025-12-04 20:08:46:846 [31merror[39m: [31mInvalid email or password[39m
2025-12-04 20:16:47:1647 [31merror[39m: [31m[39m
[31mInvalid `prisma.order.create()` invocation in[39m
[31mD:\e-commerce\backend\src\services\order.service.ts:18:36[39m

[31m  15 const total = items.reduce((sum, item) => sum + (item.price * item.quantity), 0);[39m
[31m  16 [39m
[31m  17 // Create order with items[39m
[31mâ†’ 18 const order = await prisma.order.create({[39m
[31m       data: {[39m
[31m         userId: "d3b1fbb2-c00c-4c60-9424-4a5dd0f30306",[39m
[31m         total: 29.99,[39m
[31m         status: "PROCESSING",[39m
[31m         shippingAddress: "{\"fullName\":\"eslam\",\"email\":\"eslamgamil214@gmail.com\",\"phone\":\"+201211735629\",\"address\":\"smouha\",\"city\":\"Sidi Gaber\",\"zipCode\":\"5432062\"}",[39m
[31m         ~~~~~~~~~~~~~~~[39m
[31m         paymentMethod: "CASH",[39m
[31m         items: {[39m
[31m           create: [[39m
[31m             {[39m
[31m               productId: "47e3b8d2-54fd-4dfa-b335-780edba01b04",[39m
[31m               quantity: 1,[39m
[31m               price: 29.99[39m
[31m             }[39m
[31m           ][39m
[31m         },[39m
[31m     ?   id?: String,[39m
[31m     ?   createdAt?: DateTime,[39m
[31m     ?   updatedAt?: DateTime,[39m
[31m     ?   payment?: PaymentUncheckedCreateNestedOneWithoutOrderInput[39m
[31m       },[39m
[31m       include: {[39m
[31m         items: {[39m
[31m           include: {[39m
[31m             product: true[39m
[31m           }[39m
[31m         }[39m
[31m       }[39m
[31m     })[39m

[31mUnknown argument `shippingAddress`. Available options are marked with ?.[39m
2025-12-04 20:16:51:1651 [31merror[39m: [31m[39m
[31mInvalid `prisma.order.create()` invocation in[39m
[31mD:\e-commerce\backend\src\services\order.service.ts:18:36[39m

[31m  15 const total = items.reduce((sum, item) => sum + (item.price * item.quantity), 0);[39m
[31m  16 [39m
[31m  17 // Create order with items[39m
[31mâ†’ 18 const order = await prisma.order.create({[39m
[31m       data: {[39m
[31m         userId: "d3b1fbb2-c00c-4c60-9424-4a5dd0f30306",[39m
[31m         total: 29.99,[39m
[31m         status: "PROCESSING",[39m
[31m         shippingAddress: "{\"fullName\":\"eslam\",\"email\":\"eslamgamil214@gmail.com\",\"phone\":\"+201211735629\",\"address\":\"smouha\",\"city\":\"Sidi Gaber\",\"zipCode\":\"5432062\"}",[39m
[31m         ~~~~~~~~~~~~~~~[39m
[31m         paymentMethod: "CASH",[39m
[31m         items: {[39m
[31m           create: [[39m
[31m             {[39m
[31m               productId: "47e3b8d2-54fd-4dfa-b335-780edba01b04",[39m
[31m               quantity: 1,[39m
[31m               price: 29.99[39m
[31m             }[39m
[31m           ][39m
[31m         },[39m
[31m     ?   id?: String,[39m
[31m     ?   createdAt?: DateTime,[39m
[31m     ?   updatedAt?: DateTime,[39m
[31m     ?   payment?: PaymentUncheckedCreateNestedOneWithoutOrderInput[39m
[31m       },[39m
[31m       include: {[39m
[31m         items: {[39m
[31m           include: {[39m
[31m             product: true[39m
[31m           }[39m
[31m         }[39m
[31m       }[39m
[31m     })[39m

[31mUnknown argument `shippingAddress`. Available options are marked with ?.[39m
2025-12-04 20:17:21:1721 [31merror[39m: [31m[39m
[31mInvalid `prisma.order.create()` invocation in[39m
[31mD:\e-commerce\backend\src\services\order.service.ts:18:36[39m

[31m  15 const total = items.reduce((sum, item) => sum + (item.price * item.quantity), 0);[39m
[31m  16 [39m
[31m  17 // Create order with items[39m
[31mâ†’ 18 const order = await prisma.order.create({[39m
[31m       data: {[39m
[31m         userId: "d3b1fbb2-c00c-4c60-9424-4a5dd0f30306",[39m
[31m         total: 29.99,[39m
[31m         status: "PROCESSING",[39m
[31m         shippingAddress: "{\"fullName\":\"eslam\",\"email\":\"eslamgamil214@gmail.com\",\"phone\":\"+201211735629\",\"address\":\"smouha\",\"city\":\"Sidi Gaber\",\"zipCode\":\"5432062\"}",[39m
[31m         ~~~~~~~~~~~~~~~[39m
[31m         paymentMethod: "CASH",[39m
[31m         items: {[39m
[31m           create: [[39m
[31m             {[39m
[31m               productId: "47e3b8d2-54fd-4dfa-b335-780edba01b04",[39m
[31m               quantity: 1,[39m
[31m               price: 29.99[39m
[31m             }[39m
[31m           ][39m
[31m         },[39m
[31m     ?   id?: String,[39m
[31m     ?   createdAt?: DateTime,[39m
[31m     ?   updatedAt?: DateTime,[39m
[31m     ?   payment?: PaymentUncheckedCreateNestedOneWithoutOrderInput[39m
[31m       },[39m
[31m       include: {[39m
[31m         items: {[39m
[31m           include: {[39m
[31m             product: true[39m
[31m           }[39m
[31m         }[39m
[31m       }[39m
[31m     })[39m

[31mUnknown argument `shippingAddress`. Available options are marked with ?.[39m
2025-12-04 20:19:25:1925 [32minfo[39m: [32mServer is running on port 5000[39m
2025-12-04 20:23:52:2352 [31merror[39m: [31mInvalid email or password[39m
2025-12-04 20:24:31:2431 [31merror[39m: [31mØ±Ù…Ø² Ø§Ù„Ø¯Ø®ÙˆÙ„ ØºÙŠØ± ØµØ§Ù„Ø­. ÙŠØ±Ø¬Ù‰ ØªØ³Ø¬ÙŠÙ„ Ø§Ù„Ø¯Ø®ÙˆÙ„ Ù…Ø±Ø© Ø£Ø®Ø±Ù‰[39m
2025-12-04 20:24:31:2431 [31merror[39m: [31mØ±Ù…Ø² Ø§Ù„Ø¯Ø®ÙˆÙ„ ØºÙŠØ± ØµØ§Ù„Ø­. ÙŠØ±Ø¬Ù‰ ØªØ³Ø¬ÙŠÙ„ Ø§Ù„Ø¯Ø®ÙˆÙ„ Ù…Ø±Ø© Ø£Ø®Ø±Ù‰[39m
2025-12-04 20:33:51:3351 [32minfo[39m: [32mServer is running on port 5000[39m
2025-12-04 20:35:14:3514 [32minfo[39m: [32mServer is running on port 5000[39m
2025-12-04 20:36:08:368 [31merror[39m: [31mInvalid email or password[39m
2025-12-04 20:40:42:4042 [32minfo[39m: [32mServer is running on port 5000[39m
2025-12-04 20:47:29:4729 [32minfo[39m: [32mServer is running on port 5000[39m
2025-12-04 20:47:30:4730 [32minfo[39m: [32mServer is running on port 5000[39m
2025-12-04 20:49:40:4940 [31merror[39m: [31mInvalid coupon code[39m
2025-12-04 20:52:56:5256 [31merror[39m: [31mØ±Ù…Ø² Ø§Ù„Ø¯Ø®ÙˆÙ„ ØºÙŠØ± ØµØ§Ù„Ø­. ÙŠØ±Ø¬Ù‰ ØªØ³Ø¬ÙŠÙ„ Ø§Ù„Ø¯Ø®ÙˆÙ„ Ù…Ø±Ø© Ø£Ø®Ø±Ù‰[39m
2025-12-04 20:52:56:5256 [31merror[39m: [31mØ±Ù…Ø² Ø§Ù„Ø¯Ø®ÙˆÙ„ ØºÙŠØ± ØµØ§Ù„Ø­. ÙŠØ±Ø¬Ù‰ ØªØ³Ø¬ÙŠÙ„ Ø§Ù„Ø¯Ø®ÙˆÙ„ Ù…Ø±Ø© Ø£Ø®Ø±Ù‰[39m
2025-12-04 20:53:09:539 [31merror[39m: [31mInvalid coupon code[39m
2025-12-04 20:53:16:5316 [31merror[39m: [31mCoupon is expired[39m
2025-12-04 20:53:39:5339 [31merror[39m: [31mInvalid email or password[39m
2025-12-04 20:53:46:5346 [31merror[39m: [31mInvalid email or password[39m
2025-12-04 20:53:52:5352 [31merror[39m: [31mInvalid email or password[39m
2025-12-04 20:54:02:542 [31merror[39m: [31mInvalid email or password[39m
2025-12-04 20:54:06:546 [31merror[39m: [31mInvalid email or password[39m
2025-12-04 20:54:26:5426 [31merror[39m: [31mCoupon is expired[39m
2025-12-04 20:56:37:5637 [31merror[39m: [31mInvalid coupon code[39m
2025-12-04 20:56:42:5642 [31merror[39m: [31mCoupon is expired[39m
2025-12-04 20:56:45:5645 [31merror[39m: [31mCoupon is expired[39m
2025-12-04 21:01:01:11 [32minfo[39m: [32mServer is running on port 5000[39m
2025-12-04 21:16:26:1626 [31merror[39m: [31mØ±Ù…Ø² Ø§Ù„Ø¯Ø®ÙˆÙ„ ØºÙŠØ± ØµØ§Ù„Ø­. ÙŠØ±Ø¬Ù‰ ØªØ³Ø¬ÙŠÙ„ Ø§Ù„Ø¯Ø®ÙˆÙ„ Ù…Ø±Ø© Ø£Ø®Ø±Ù‰[39m
2025-12-04 21:16:26:1626 [31merror[39m: [31mØ±Ù…Ø² Ø§Ù„Ø¯Ø®ÙˆÙ„ ØºÙŠØ± ØµØ§Ù„Ø­. ÙŠØ±Ø¬Ù‰ ØªØ³Ø¬ÙŠÙ„ Ø§Ù„Ø¯Ø®ÙˆÙ„ Ù…Ø±Ø© Ø£Ø®Ø±Ù‰[39m
2025-12-04 21:21:02:212 [32minfo[39m: [32mServer is running on port 5000[39m
2025-12-04 21:24:42:2442 [32minfo[39m: [32mServer is running on port 5000[39m
2025-12-04 21:24:56:2456 [32minfo[39m: [32mServer is running on port 5000[39m
2025-12-04 21:44:42:4442 [31merror[39m: [31mØ±Ù…Ø² Ø§Ù„Ø¯Ø®ÙˆÙ„ ØºÙŠØ± ØµØ§Ù„Ø­. ÙŠØ±Ø¬Ù‰ ØªØ³Ø¬ÙŠÙ„ Ø§Ù„Ø¯Ø®ÙˆÙ„ Ù…Ø±Ø© Ø£Ø®Ø±Ù‰[39m
2025-12-04 21:44:42:4442 [31merror[39m: [31mØ±Ù…Ø² Ø§Ù„Ø¯Ø®ÙˆÙ„ ØºÙŠØ± ØµØ§Ù„Ø­. ÙŠØ±Ø¬Ù‰ ØªØ³Ø¬ÙŠÙ„ Ø§Ù„Ø¯Ø®ÙˆÙ„ Ù…Ø±Ø© Ø£Ø®Ø±Ù‰[39m
2025-12-04 23:04:26:426 [31merror[39m: [31mØ±Ù…Ø² Ø§Ù„Ø¯Ø®ÙˆÙ„ ØºÙŠØ± ØµØ§Ù„Ø­. ÙŠØ±Ø¬Ù‰ ØªØ³Ø¬ÙŠÙ„ Ø§Ù„Ø¯Ø®ÙˆÙ„ Ù…Ø±Ø© Ø£Ø®Ø±Ù‰[39m
2025-12-04 23:04:26:426 [31merror[39m: [31mØ±Ù…Ø² Ø§Ù„Ø¯Ø®ÙˆÙ„ ØºÙŠØ± ØµØ§Ù„Ø­. ÙŠØ±Ø¬Ù‰ ØªØ³Ø¬ÙŠÙ„ Ø§Ù„Ø¯Ø®ÙˆÙ„ Ù…Ø±Ø© Ø£Ø®Ø±Ù‰[39m
2025-12-04 23:04:41:441 [31merror[39m: [31mÙŠØ¬Ø¨ ØªØ³Ø¬ÙŠÙ„ Ø§Ù„Ø¯Ø®ÙˆÙ„ Ù„Ù„ÙˆØµÙˆÙ„ Ø¥Ù„Ù‰ Ù‡Ø°Ù‡ Ø§Ù„ØµÙØ­Ø©[39m
